[0410/170731.341:ERROR:process_reader_win.cc(151)] SuspendThread: Access is denied. (0x5)
[0410/170731.343:ERROR:process_reader_win.cc(151)] SuspendThread: Access is denied. (0x5)
[0410/170731.343:ERROR:process_reader_win.cc(151)] SuspendThread: Access is denied. (0x5)
[0410/170731.343:ERROR:process_reader_win.cc(151)] SuspendThread: Access is denied. (0x5)
[0410/170731.343:ERROR:process_reader_win.cc(151)] SuspendThread: Access is denied. (0x5)
[0410/170731.343:ERROR:process_reader_win.cc(151)] SuspendThread: Access is denied. (0x5)
[0410/170731.343:ERROR:process_reader_win.cc(151)] SuspendThread: Access is denied. (0x5)
[0410/170731.343:ERROR:process_reader_win.cc(151)] SuspendThread: Access is denied. (0x5)
[0410/170731.343:ERROR:process_reader_win.cc(151)] SuspendThread: Access is denied. (0x5)
[0410/170731.343:ERROR:process_reader_win.cc(151)] SuspendThread: Access is denied. (0x5)
[0410/170731.343:ERROR:process_reader_win.cc(123)] NtOpenThread: {Access Denied} A process has requested access to an object, but has not been granted those access rights. (0xc0000022)
[0410/170731.344:ERROR:exception_snapshot_win.cc(98)] thread ID 24736 not found in process
[0410/170732.120:ERROR:process_reader_win.cc(151)] SuspendThread: Access is denied. (0x5)
[0410/170732.121:ERROR:process_reader_win.cc(151)] SuspendThread: Access is denied. (0x5)
[0410/170732.121:ERROR:process_reader_win.cc(151)] SuspendThread: Access is denied. (0x5)
[0410/170732.121:ERROR:process_reader_win.cc(151)] SuspendThread: Access is denied. (0x5)
[0410/170732.121:ERROR:process_reader_win.cc(151)] SuspendThread: Access is denied. (0x5)
[0410/170732.121:ERROR:process_reader_win.cc(151)] SuspendThread: Access is denied. (0x5)
[0410/170732.121:ERROR:process_reader_win.cc(151)] SuspendThread: Access is denied. (0x5)
[0410/170732.121:ERROR:process_reader_win.cc(151)] SuspendThread: Access is denied. (0x5)
[0410/170732.121:ERROR:process_reader_win.cc(151)] SuspendThread: Access is denied. (0x5)
[0410/170732.121:ERROR:process_reader_win.cc(151)] SuspendThread: Access is denied. (0x5)
[0410/170732.121:ERROR:process_reader_win.cc(123)] NtOpenThread: {Access Denied} A process has requested access to an object, but has not been granted those access rights. (0xc0000022)
[0410/170732.121:ERROR:exception_snapshot_win.cc(98)] thread ID 10772 not found in process
[0410/170732.213:ERROR:process_reader_win.cc(151)] SuspendThread: Access is denied. (0x5)
[0410/170732.213:ERROR:process_reader_win.cc(151)] SuspendThread: Access is denied. (0x5)
[0410/170732.213:ERROR:process_reader_win.cc(151)] SuspendThread: Access is denied. (0x5)
[0410/170732.213:ERROR:process_reader_win.cc(151)] SuspendThread: Access is denied. (0x5)
[0410/170732.213:ERROR:process_reader_win.cc(151)] SuspendThread: Access is denied. (0x5)
[0410/170732.213:ERROR:process_reader_win.cc(151)] SuspendThread: Access is denied. (0x5)
[0410/170732.213:ERROR:process_reader_win.cc(151)] SuspendThread: Access is denied. (0x5)
[0410/170732.213:ERROR:process_reader_win.cc(151)] SuspendThread: Access is denied. (0x5)
[0410/170732.213:ERROR:process_reader_win.cc(151)] SuspendThread: Access is denied. (0x5)
[0410/170732.213:ERROR:process_reader_win.cc(151)] SuspendThread: Access is denied. (0x5)
[0410/170732.213:ERROR:process_reader_win.cc(151)] SuspendThread: Access is denied. (0x5)
[0410/170732.213:ERROR:process_reader_win.cc(123)] NtOpenThread: {Access Denied} A process has requested access to an object, but has not been granted those access rights. (0xc0000022)
[0410/170732.214:ERROR:exception_snapshot_win.cc(98)] thread ID 14828 not found in process
[0410/170732.295:ERROR:process_reader_win.cc(151)] SuspendThread: Access is denied. (0x5)
[0410/170732.295:ERROR:process_reader_win.cc(151)] SuspendThread: Access is denied. (0x5)
[0410/170732.295:ERROR:process_reader_win.cc(151)] SuspendThread: Access is denied. (0x5)
[0410/170732.295:ERROR:process_reader_win.cc(151)] SuspendThread: Access is denied. (0x5)
[0410/170732.295:ERROR:process_reader_win.cc(151)] SuspendThread: Access is denied. (0x5)
[0410/170732.295:ERROR:process_reader_win.cc(151)] SuspendThread: Access is denied. (0x5)
[0410/170732.295:ERROR:process_reader_win.cc(151)] SuspendThread: Access is denied. (0x5)
[0410/170732.295:ERROR:process_reader_win.cc(151)] SuspendThread: Access is denied. (0x5)
[0410/170732.295:ERROR:process_reader_win.cc(123)] NtOpenThread: {Access Denied} A process has requested access to an object, but has not been granted those access rights. (0xc0000022)
[0410/170732.295:ERROR:exception_snapshot_win.cc(98)] thread ID 6992 not found in process
[0410/170732.472:ERROR:process_reader_win.cc(151)] SuspendThread: Access is denied. (0x5)
[0410/170732.472:ERROR:process_reader_win.cc(151)] SuspendThread: Access is denied. (0x5)
[0410/170732.472:ERROR:process_reader_win.cc(151)] SuspendThread: Access is denied. (0x5)
[0410/170732.472:ERROR:process_reader_win.cc(151)] SuspendThread: Access is denied. (0x5)
[0410/170732.472:ERROR:process_reader_win.cc(151)] SuspendThread: Access is denied. (0x5)
[0410/170732.472:ERROR:process_reader_win.cc(151)] SuspendThread: Access is denied. (0x5)
[0410/170732.472:ERROR:process_reader_win.cc(151)] SuspendThread: Access is denied. (0x5)
[0410/170732.472:ERROR:process_reader_win.cc(151)] SuspendThread: Access is denied. (0x5)
[0410/170732.472:ERROR:process_reader_win.cc(151)] SuspendThread: Access is denied. (0x5)
[0410/170732.472:ERROR:process_reader_win.cc(123)] NtOpenThread: {Access Denied} A process has requested access to an object, but has not been granted those access rights. (0xc0000022)
[0410/170732.472:ERROR:exception_snapshot_win.cc(98)] thread ID 19576 not found in process
[1220/225936.925:ERROR:directory_reader_win.cc(43)] FindFirstFile: The system cannot find the path specified. (0x3)
[1223/163236.583:ERROR:directory_reader_win.cc(43)] FindFirstFile: The system cannot find the path specified. (0x3)
[1228/214237.553:ERROR:directory_reader_win.cc(43)] FindFirstFile: The system cannot find the path specified. (0x3)
[1230/222919.504:ERROR:directory_reader_win.cc(43)] FindFirstFile: The system cannot find the path specified. (0x3)
[0103/091338.051:ERROR:directory_reader_win.cc(43)] FindFirstFile: The system cannot find the path specified. (0x3)
[0103/091338.062:ERROR:filesystem_win.cc(129)] GetFileAttributes C:\Users\admin\AppData\Local\Google\Chrome\User Data\Crashpad\attachments\49e1e3f0-a225-4a38-b38c-ab38d2de6209: The system cannot find the path specified. (0x3)
[0103/091338.066:ERROR:filesystem_win.cc(129)] GetFileAttributes C:\Users\admin\AppData\Local\Google\Chrome\User Data\Crashpad\attachments\88ab9d83-ba19-424c-b11c-e07353a99957: The system cannot find the path specified. (0x3)
[0103/091338.070:ERROR:filesystem_win.cc(129)] GetFileAttributes C:\Users\admin\AppData\Local\Google\Chrome\User Data\Crashpad\attachments\4b8a5156-7335-4355-9a24-03cbccd346f0: The system cannot find the path specified. (0x3)
[0103/091338.074:ERROR:filesystem_win.cc(129)] GetFileAttributes C:\Users\admin\AppData\Local\Google\Chrome\User Data\Crashpad\attachments\3777d519-aa80-4c51-b950-d7285d19476e: The system cannot find the path specified. (0x3)
[0103/091338.079:ERROR:filesystem_win.cc(129)] GetFileAttributes C:\Users\admin\AppData\Local\Google\Chrome\User Data\Crashpad\attachments\dc4aff5d-209c-4743-b2b6-55fc43a747c2: The system cannot find the path specified. (0x3)
[0103/091338.081:ERROR:filesystem_win.cc(129)] GetFileAttributes C:\Users\admin\AppData\Local\Google\Chrome\User Data\Crashpad\attachments\3130592a-e568-4b59-80ca-1cb896b8f989: The system cannot find the path specified. (0x3)
[0103/091338.083:ERROR:filesystem_win.cc(129)] GetFileAttributes C:\Users\admin\AppData\Local\Google\Chrome\User Data\Crashpad\attachments\3a2bcaeb-a5a1-416a-81cb-c8286be43a1a: The system cannot find the path specified. (0x3)
[0103/091338.086:ERROR:filesystem_win.cc(129)] GetFileAttributes C:\Users\admin\AppData\Local\Google\Chrome\User Data\Crashpad\attachments\01adf82a-ae1d-4ada-ab47-4705bd5ccd8d: The system cannot find the path specified. (0x3)
[0103/091338.088:ERROR:filesystem_win.cc(129)] GetFileAttributes C:\Users\admin\AppData\Local\Google\Chrome\User Data\Crashpad\attachments\2a579fd2-1fbf-4812-a9c9-608aaf9aa004: The system cannot find the path specified. (0x3)
[0103/091338.090:ERROR:filesystem_win.cc(129)] GetFileAttributes C:\Users\admin\AppData\Local\Google\Chrome\User Data\Crashpad\attachments\960cb0cb-ebb3-4510-9cd8-b959ded7d208: The system cannot find the path specified. (0x3)
[0103/091338.093:ERROR:filesystem_win.cc(129)] GetFileAttributes C:\Users\admin\AppData\Local\Google\Chrome\User Data\Crashpad\attachments\2fe2eea4-fdd4-4b43-bb97-5a0190cb7914: The system cannot find the path specified. (0x3)
[0103/091338.096:ERROR:filesystem_win.cc(129)] GetFileAttributes C:\Users\admin\AppData\Local\Google\Chrome\User Data\Crashpad\attachments\4aade105-3e88-4f81-acb3-4d2929b297d9: The system cannot find the path specified. (0x3)
[0103/091338.101:ERROR:filesystem_win.cc(129)] GetFileAttributes C:\Users\admin\AppData\Local\Google\Chrome\User Data\Crashpad\attachments\270227ea-c94b-451a-897e-effddf0bcbcc: The system cannot find the path specified. (0x3)
[0103/091338.104:ERROR:filesystem_win.cc(129)] GetFileAttributes C:\Users\admin\AppData\Local\Google\Chrome\User Data\Crashpad\attachments\e52b8f10-37ad-474a-94a1-0e87fead39b5: The system cannot find the path specified. (0x3)
[0103/091338.106:ERROR:filesystem_win.cc(129)] GetFileAttributes C:\Users\admin\AppData\Local\Google\Chrome\User Data\Crashpad\attachments\0e5e7ff1-fc50-49e8-a1ce-0e7f6ae2f508: The system cannot find the path specified. (0x3)
[0103/091338.109:ERROR:filesystem_win.cc(129)] GetFileAttributes C:\Users\admin\AppData\Local\Google\Chrome\User Data\Crashpad\attachments\3ecec954-0753-4500-9413-91856dcf98f6: The system cannot find the path specified. (0x3)
[0103/091338.111:ERROR:filesystem_win.cc(129)] GetFileAttributes C:\Users\admin\AppData\Local\Google\Chrome\User Data\Crashpad\attachments\e0c5235f-4926-42ce-8b31-e91b8ba1c87b: The system cannot find the path specified. (0x3)
[0103/091338.113:ERROR:filesystem_win.cc(129)] GetFileAttributes C:\Users\admin\AppData\Local\Google\Chrome\User Data\Crashpad\attachments\4aa3d441-b3bf-4548-8457-c0f84332578d: The system cannot find the path specified. (0x3)
[0103/091338.115:ERROR:filesystem_win.cc(129)] GetFileAttributes C:\Users\admin\AppData\Local\Google\Chrome\User Data\Crashpad\attachments\afb02b0a-7700-4f0d-b409-d4474d4c9d1b: The system cannot find the path specified. (0x3)
[0103/091338.117:ERROR:filesystem_win.cc(129)] GetFileAttributes C:\Users\admin\AppData\Local\Google\Chrome\User Data\Crashpad\attachments\34e582bd-6501-477e-83f0-1115baa47145: The system cannot find the path specified. (0x3)
[0103/091338.119:ERROR:filesystem_win.cc(129)] GetFileAttributes C:\Users\admin\AppData\Local\Google\Chrome\User Data\Crashpad\attachments\09bf2eaa-535c-45ba-a3e7-beab1e78a0a6: The system cannot find the path specified. (0x3)
[0103/091338.121:ERROR:filesystem_win.cc(129)] GetFileAttributes C:\Users\admin\AppData\Local\Google\Chrome\User Data\Crashpad\attachments\4343d0be-4e06-4158-a664-a59078b11327: The system cannot find the path specified. (0x3)
[0103/091338.122:ERROR:filesystem_win.cc(129)] GetFileAttributes C:\Users\admin\AppData\Local\Google\Chrome\User Data\Crashpad\attachments\7efbf22f-4a84-45c1-9fde-3c42822d9789: The system cannot find the path specified. (0x3)
[0103/091338.124:ERROR:filesystem_win.cc(129)] GetFileAttributes C:\Users\admin\AppData\Local\Google\Chrome\User Data\Crashpad\attachments\f34bf749-b612-4dfb-b802-25a2a50637e7: The system cannot find the path specified. (0x3)
[0103/091338.125:ERROR:filesystem_win.cc(129)] GetFileAttributes C:\Users\admin\AppData\Local\Google\Chrome\User Data\Crashpad\attachments\50e24bdb-f4e0-4cd4-bd91-ef8ad98ee30f: The system cannot find the path specified. (0x3)
[0105/105606.219:ERROR:directory_reader_win.cc(43)] FindFirstFile: The system cannot find the path specified. (0x3)
[0105/105606.227:ERROR:filesystem_win.cc(129)] GetFileAttributes C:\Users\admin\AppData\Local\Google\Chrome\User Data\Crashpad\attachments\34978a54-1878-4bfa-86a9-8607e73388be: The system cannot find the path specified. (0x3)
[0107/134555.701:ERROR:directory_reader_win.cc(43)] FindFirstFile: The system cannot find the path specified. (0x3)
